[2023-11-17 06:45:09] [General - Main] [INFO] Native libraries loaded.
[2023-11-17 06:45:09] [Camera - LibCameraJNI] [ERROR] Couldn't load libpicam shared object
[2023-11-17 06:45:09] [General - Main] [INFO] Logging initialized in debug mode.
[2023-11-17 06:45:09] [General - ShellExec] [DEBUG] Executing "id -u"
[2023-11-17 06:45:09] [General - ShellExec] [DEBUG] Got exit code 0
[2023-11-17 06:45:09] [General - Main] [INFO] Starting PhotonVision version v2023.4.2 on Linux AARCH64
[2023-11-17 06:45:09] [General - ConfigManager] [INFO] Loading settings...
[2023-11-17 06:45:09] [General - ConfigManager] [INFO] Hardware config does not exist! Loading defaults
[2023-11-17 06:45:09] [General - ConfigManager] [INFO] Hardware settings does not exist! Loading defaults
[2023-11-17 06:45:09] [General - ConfigManager] [INFO] Network config file does not exist! Loading defaults
[2023-11-17 06:45:09] [General - ConfigManager] [DEBUG] Cameras config folder did not exist. Created!
[2023-11-17 06:45:09] [General - NetworkTablesManager] [INFO] Starting NT Client
[2023-11-17 06:45:09] [General - NetworkTablesManager] [ERROR] [NetworkTablesManager] Could not connect to the robot! Will retry in the background...
[2023-11-17 06:45:09] [General - NetworkManager] [INFO] Setting DHCP with team team 0
[2023-11-17 06:45:09] [General - ShellExec] [DEBUG] Executing "cat /etc/hostname | tr -d " \t\n\r""
[2023-11-17 06:45:09] [General - ShellExec] [DEBUG] Got exit code 0
[2023-11-17 06:45:09] [General - ShellExec] [DEBUG] Executing "echo photonvision > /etc/hostname"
[2023-11-17 06:45:09] [General - ShellExec] [DEBUG] Got exit code 0
[2023-11-17 06:45:09] [General - ShellExec] [DEBUG] Executing "hostnamectl set-hostname photonvision"
[2023-11-17 06:45:09] [General - ShellExec] [DEBUG] Got exit code 0
[2023-11-17 06:45:09] [General - ShellExec] [DEBUG] Executing "sed -i "s/127.0.1.1.*ubuntu/127.0.1.1\tphotonvision/g" /etc/hosts"
[2023-11-17 06:45:09] [General - ShellExec] [DEBUG] Got exit code 0
[2023-11-17 06:45:09] [General - ShellExec] [DEBUG] Executing "sudo service avahi-daemon restart"
[2023-11-17 06:45:09] [General - ShellExec] [DEBUG] Got exit code 0
[2023-11-17 06:45:09] [General - NetworkManager] [INFO] Set hostname to photonvision
[2023-11-17 06:45:09] [General - ShellExec] [DEBUG] Executing "nmcli con mod Wired\ connection\ 1 ipv4.method "auto" ipv6.method "disabled""
[2023-11-17 06:45:09] [General - ShellExec] [DEBUG] Got exit code 10
[2023-11-17 06:45:09] [General - ShellExec] [DEBUG] Executing "dhclient eth0"
[2023-11-17 06:45:09] [General - ShellExec] [DEBUG] Got exit code 0
[2023-11-17 06:45:09] [WebServer - DataChangeService] [DEBUG] Added subscriber - Sources: DCS_WEBSOCKET, DCS_HTTP, DCS_NETWORKTABLES, DCS_VISIONMODULE, DCS_OTHER, Destinations: DCD_UI
[2023-11-17 06:45:09] [WebServer - DataChangeService] [DEBUG] Added subscriber - Sources: DCS_WEBSOCKET, Destinations: DCD_GENSETTINGS
[2023-11-17 06:45:10] [General - NetworkTablesManager] [ERROR] NT Connection has failed! Will retry in background.
[2023-11-17 06:45:11] [General - ConfigManager] [DEBUG] Saving to disk...
[2023-11-17 06:45:11] [General - ConfigManager] [INFO] Settings saved!
